Determining size of off64_t failed with the following output:
Change Dir: C:/Users/h6gupta/Downloads/Nearest_Neighbours/Build/CMakeFiles/CMakeTmp

Run Build Command:"C:/Program Files (x86)/MSBuild/14.0/bin/MSBuild.exe" "cmTC_338f3.vcxproj" "/p:Configuration=Debug" "/p:VisualStudioVersion=14.0"
Microsoft (R) Build Engine version 14.0.25123.0
Copyright (C) Microsoft Corporation. All rights reserved.

Build started 3/8/2019 4:29:07 PM.
Project "C:\Users\h6gupta\Downloads\Nearest_Neighbours\Build\CMakeFiles\CMakeTmp\cmTC_338f3.vcxproj" on node 1 (default targets).
PrepareForBuild:
  Creating directory "cmTC_338f3.dir\Debug\".
  Creating directory "C:\Users\h6gupta\Downloads\Nearest_Neighbours\Build\CMakeFiles\CMakeTmp\Debug\".
  Creating directory "cmTC_338f3.dir\Debug\cmTC_338f3.tlog\".
InitializeBuildStatus:
  Creating "cmTC_338f3.dir\Debug\cmTC_338f3.tlog\unsuccessfulbuild" because "AlwaysCreate" was specified.
ClCompile:
  C:\Program Files (x86)\Microsoft Visual Studio 14.0\VC\bin\x86_amd64\CL.exe /c /Zi /W3 /WX- /Od /Ob0 /D WIN32 /D _WINDOWS /D _LARGEFILE64_SOURCE=1 /D HAVE_SYS_TYPES_H /D HAVE_STDINT_H /D HAVE_STDDEF_H /D "CMAKE_INTDIR=\"Debug\"" /D _MBCS /Gm- /RTC1 /MDd /GS /fp:precise /Zc:wchar_t /Zc:forScope /Zc:inline /Fo"cmTC_338f3.dir\Debug\\" /Fd"cmTC_338f3.dir\Debug\vc140.pdb" /Gd /TC /errorReport:queue C:\Users\h6gupta\Downloads\Nearest_Neighbours\Build\CMakeFiles\CheckTypeSize\OFF64_T.c
  Microsoft (R) C/C++ Optimizing Compiler Version 19.00.23918 for x64
  Copyright (C) Microsoft Corporation.  All rights reserved.
  
  cl /c /Zi /W3 /WX- /Od /Ob0 /D WIN32 /D _WINDOWS /D _LARGEFILE64_SOURCE=1 /D HAVE_SYS_TYPES_H /D HAVE_STDINT_H /D HAVE_STDDEF_H /D "CMAKE_INTDIR=\"Debug\"" /D _MBCS /Gm- /RTC1 /MDd /GS /fp:precise /Zc:wchar_t /Zc:forScope /Zc:inline /Fo"cmTC_338f3.dir\Debug\\" /Fd"cmTC_338f3.dir\Debug\vc140.pdb" /Gd /TC /errorReport:queue C:\Users\h6gupta\Downloads\Nearest_Neighbours\Build\CMakeFiles\CheckTypeSize\OFF64_T.c
  
  OFF64_T.c
C:\Users\h6gupta\Downloads\Nearest_Neighbours\Build\CMakeFiles\CheckTypeSize\OFF64_T.c(25): error C2065: 'off64_t': undeclared identifier [C:\Users\h6gupta\Downloads\Nearest_Neighbours\Build\CMakeFiles\CMakeTmp\cmTC_338f3.vcxproj]
C:\Users\h6gupta\Downloads\Nearest_Neighbours\Build\CMakeFiles\CheckTypeSize\OFF64_T.c(26): error C2065: 'off64_t': undeclared identifier [C:\Users\h6gupta\Downloads\Nearest_Neighbours\Build\CMakeFiles\CMakeTmp\cmTC_338f3.vcxproj]
C:\Users\h6gupta\Downloads\Nearest_Neighbours\Build\CMakeFiles\CheckTypeSize\OFF64_T.c(27): error C2065: 'off64_t': undeclared identifier [C:\Users\h6gupta\Downloads\Nearest_Neighbours\Build\CMakeFiles\CMakeTmp\cmTC_338f3.vcxproj]
C:\Users\h6gupta\Downloads\Nearest_Neighbours\Build\CMakeFiles\CheckTypeSize\OFF64_T.c(28): error C2065: 'off64_t': undeclared identifier [C:\Users\h6gupta\Downloads\Nearest_Neighbours\Build\CMakeFiles\CMakeTmp\cmTC_338f3.vcxproj]
C:\Users\h6gupta\Downloads\Nearest_Neighbours\Build\CMakeFiles\CheckTypeSize\OFF64_T.c(29): error C2065: 'off64_t': undeclared identifier [C:\Users\h6gupta\Downloads\Nearest_Neighbours\Build\CMakeFiles\CMakeTmp\cmTC_338f3.vcxproj]
Done Building Project "C:\Users\h6gupta\Downloads\Nearest_Neighbours\Build\CMakeFiles\CMakeTmp\cmTC_338f3.vcxproj" (default targets) -- FAILED.

Build FAILED.

"C:\Users\h6gupta\Downloads\Nearest_Neighbours\Build\CMakeFiles\CMakeTmp\cmTC_338f3.vcxproj" (default target) (1) ->
(ClCompile target) -> 
  C:\Users\h6gupta\Downloads\Nearest_Neighbours\Build\CMakeFiles\CheckTypeSize\OFF64_T.c(25): error C2065: 'off64_t': undeclared identifier [C:\Users\h6gupta\Downloads\Nearest_Neighbours\Build\CMakeFiles\CMakeTmp\cmTC_338f3.vcxproj]
  C:\Users\h6gupta\Downloads\Nearest_Neighbours\Build\CMakeFiles\CheckTypeSize\OFF64_T.c(26): error C2065: 'off64_t': undeclared identifier [C:\Users\h6gupta\Downloads\Nearest_Neighbours\Build\CMakeFiles\CMakeTmp\cmTC_338f3.vcxproj]
  C:\Users\h6gupta\Downloads\Nearest_Neighbours\Build\CMakeFiles\CheckTypeSize\OFF64_T.c(27): error C2065: 'off64_t': undeclared identifier [C:\Users\h6gupta\Downloads\Nearest_Neighbours\Build\CMakeFiles\CMakeTmp\cmTC_338f3.vcxproj]
  C:\Users\h6gupta\Downloads\Nearest_Neighbours\Build\CMakeFiles\CheckTypeSize\OFF64_T.c(28): error C2065: 'off64_t': undeclared identifier [C:\Users\h6gupta\Downloads\Nearest_Neighbours\Build\CMakeFiles\CMakeTmp\cmTC_338f3.vcxproj]
  C:\Users\h6gupta\Downloads\Nearest_Neighbours\Build\CMakeFiles\CheckTypeSize\OFF64_T.c(29): error C2065: 'off64_t': undeclared identifier [C:\Users\h6gupta\Downloads\Nearest_Neighbours\Build\CMakeFiles\CMakeTmp\cmTC_338f3.vcxproj]

    0 Warning(s)
    5 Error(s)

Time Elapsed 00:00:00.31

C:/Users/h6gupta/Downloads/Nearest_Neighbours/Build/CMakeFiles/CheckTypeSize/OFF64_T.c:
#include <sys/types.h>
#include <stdint.h>
#include <stddef.h>


#undef KEY
#if defined(__i386)
# define KEY '_','_','i','3','8','6'
#elif defined(__x86_64)
# define KEY '_','_','x','8','6','_','6','4'
#elif defined(__ppc__)
# define KEY '_','_','p','p','c','_','_'
#elif defined(__ppc64__)
# define KEY '_','_','p','p','c','6','4','_','_'
#elif defined(__aarch64__)
# define KEY '_','_','a','a','r','c','h','6','4','_','_'
#elif defined(__ARM_ARCH_7A__)
# define KEY '_','_','A','R','M','_','A','R','C','H','_','7','A','_','_'
#elif defined(__ARM_ARCH_7S__)
# define KEY '_','_','A','R','M','_','A','R','C','H','_','7','S','_','_'
#endif

#define SIZE (sizeof(off64_t))
char info_size[] =  {'I', 'N', 'F', 'O', ':', 's','i','z','e','[',
  ('0' + ((SIZE / 10000)%10)),
  ('0' + ((SIZE / 1000)%10)),
  ('0' + ((SIZE / 100)%10)),
  ('0' + ((SIZE / 10)%10)),
  ('0' +  (SIZE    % 10)),
  ']',
#ifdef KEY
  ' ','k','e','y','[', KEY, ']',
#endif
  '\0'};

#ifdef __CLASSIC_C__
int main(argc, argv) int argc; char *argv[];
#else
int main(int argc, char *argv[])
#endif
{
  int require = 0;
  require += info_size[argc];
  (void)argv;
  return require;
}


Determining if the function fseeko exists failed with the following output:
Change Dir: C:/Users/h6gupta/Downloads/Nearest_Neighbours/Build/CMakeFiles/CMakeTmp

Run Build Command:"C:/Program Files (x86)/MSBuild/14.0/bin/MSBuild.exe" "cmTC_af967.vcxproj" "/p:Configuration=Debug" "/p:VisualStudioVersion=14.0"
Microsoft (R) Build Engine version 14.0.25123.0
Copyright (C) Microsoft Corporation. All rights reserved.

Build started 3/8/2019 4:29:08 PM.
Project "C:\Users\h6gupta\Downloads\Nearest_Neighbours\Build\CMakeFiles\CMakeTmp\cmTC_af967.vcxproj" on node 1 (default targets).
PrepareForBuild:
  Creating directory "cmTC_af967.dir\Debug\".
  Creating directory "C:\Users\h6gupta\Downloads\Nearest_Neighbours\Build\CMakeFiles\CMakeTmp\Debug\".
  Creating directory "cmTC_af967.dir\Debug\cmTC_af967.tlog\".
InitializeBuildStatus:
  Creating "cmTC_af967.dir\Debug\cmTC_af967.tlog\unsuccessfulbuild" because "AlwaysCreate" was specified.
ClCompile:
  C:\Program Files (x86)\Microsoft Visual Studio 14.0\VC\bin\x86_amd64\CL.exe /c /Zi /W3 /WX- /Od /Ob0 /D WIN32 /D _WINDOWS /D CHECK_FUNCTION_EXISTS=fseeko /D "CMAKE_INTDIR=\"Debug\"" /D _MBCS /Gm- /RTC1 /MDd /GS /fp:precise /Zc:wchar_t /Zc:forScope /Zc:inline /Fo"cmTC_af967.dir\Debug\\" /Fd"cmTC_af967.dir\Debug\vc140.pdb" /Gd /TC /errorReport:queue "C:\Program Files\CMake\share\cmake-3.10\Modules\CheckFunctionExists.c"
  Microsoft (R) C/C++ Optimizing Compiler Version 19.00.23918 for x64
  Copyright (C) Microsoft Corporation.  All rights reserved.
  
  cl /c /Zi /W3 /WX- /Od /Ob0 /D WIN32 /D _WINDOWS /D CHECK_FUNCTION_EXISTS=fseeko /D "CMAKE_INTDIR=\"Debug\"" /D _MBCS /Gm- /RTC1 /MDd /GS /fp:precise /Zc:wchar_t /Zc:forScope /Zc:inline /Fo"cmTC_af967.dir\Debug\\" /Fd"cmTC_af967.dir\Debug\vc140.pdb" /Gd /TC /errorReport:queue "C:\Program Files\CMake\share\cmake-3.10\Modules\CheckFunctionExists.c"
  
  CheckFunctionExists.c
Link:
  C:\Program Files (x86)\Microsoft Visual Studio 14.0\VC\bin\x86_amd64\link.exe /ERRORREPORT:QUEUE /OUT:"C:\Users\h6gupta\Downloads\Nearest_Neighbours\Build\CMakeFiles\CMakeTmp\Debug\cmTC_af967.exe" /INCREMENTAL /NOLOGO kernel32.lib user32.lib gdi32.lib winspool.lib shell32.lib ole32.lib oleaut32.lib uuid.lib comdlg32.lib advapi32.lib /MANIFEST /MANIFESTUAC:"level='asInvoker' uiAccess='false'" /manifest:embed /DEBUG /PDB:"C:/Users/h6gupta/Downloads/Nearest_Neighbours/Build/CMakeFiles/CMakeTmp/Debug/cmTC_af967.pdb" /SUBSYSTEM:CONSOLE /TLBID:1 /DYNAMICBASE /NXCOMPAT /IMPLIB:"C:/Users/h6gupta/Downloads/Nearest_Neighbours/Build/CMakeFiles/CMakeTmp/Debug/cmTC_af967.lib" /MACHINE:X64  /machine:x64 cmTC_af967.dir\Debug\CheckFunctionExists.obj
CheckFunctionExists.obj : error LNK2019: unresolved external symbol fseeko referenced in function main [C:\Users\h6gupta\Downloads\Nearest_Neighbours\Build\CMakeFiles\CMakeTmp\cmTC_af967.vcxproj]
C:\Users\h6gupta\Downloads\Nearest_Neighbours\Build\CMakeFiles\CMakeTmp\Debug\cmTC_af967.exe : fatal error LNK1120: 1 unresolved externals [C:\Users\h6gupta\Downloads\Nearest_Neighbours\Build\CMakeFiles\CMakeTmp\cmTC_af967.vcxproj]
Done Building Project "C:\Users\h6gupta\Downloads\Nearest_Neighbours\Build\CMakeFiles\CMakeTmp\cmTC_af967.vcxproj" (default targets) -- FAILED.

Build FAILED.

"C:\Users\h6gupta\Downloads\Nearest_Neighbours\Build\CMakeFiles\CMakeTmp\cmTC_af967.vcxproj" (default target) (1) ->
(Link target) -> 
  CheckFunctionExists.obj : error LNK2019: unresolved external symbol fseeko referenced in function main [C:\Users\h6gupta\Downloads\Nearest_Neighbours\Build\CMakeFiles\CMakeTmp\cmTC_af967.vcxproj]
  C:\Users\h6gupta\Downloads\Nearest_Neighbours\Build\CMakeFiles\CMakeTmp\Debug\cmTC_af967.exe : fatal error LNK1120: 1 unresolved externals [C:\Users\h6gupta\Downloads\Nearest_Neighbours\Build\CMakeFiles\CMakeTmp\cmTC_af967.vcxproj]

    0 Warning(s)
    2 Error(s)

Time Elapsed 00:00:00.44


Determining if the include file unistd.h exists failed with the following output:
Change Dir: C:/Users/h6gupta/Downloads/Nearest_Neighbours/Build/CMakeFiles/CMakeTmp

Run Build Command:"C:/Program Files (x86)/MSBuild/14.0/bin/MSBuild.exe" "cmTC_9d610.vcxproj" "/p:Configuration=Debug" "/p:VisualStudioVersion=14.0"
Microsoft (R) Build Engine version 14.0.25123.0
Copyright (C) Microsoft Corporation. All rights reserved.

Build started 3/8/2019 4:29:08 PM.
Project "C:\Users\h6gupta\Downloads\Nearest_Neighbours\Build\CMakeFiles\CMakeTmp\cmTC_9d610.vcxproj" on node 1 (default targets).
PrepareForBuild:
  Creating directory "cmTC_9d610.dir\Debug\".
  Creating directory "C:\Users\h6gupta\Downloads\Nearest_Neighbours\Build\CMakeFiles\CMakeTmp\Debug\".
  Creating directory "cmTC_9d610.dir\Debug\cmTC_9d610.tlog\".
InitializeBuildStatus:
  Creating "cmTC_9d610.dir\Debug\cmTC_9d610.tlog\unsuccessfulbuild" because "AlwaysCreate" was specified.
ClCompile:
  C:\Program Files (x86)\Microsoft Visual Studio 14.0\VC\bin\x86_amd64\CL.exe /c /Zi /W3 /WX- /Od /Ob0 /D WIN32 /D _WINDOWS /D "CMAKE_INTDIR=\"Debug\"" /D _MBCS /Gm- /RTC1 /MDd /GS /fp:precise /Zc:wchar_t /Zc:forScope /Zc:inline /Fo"cmTC_9d610.dir\Debug\\" /Fd"cmTC_9d610.dir\Debug\vc140.pdb" /Gd /TC /errorReport:queue C:\Users\h6gupta\Downloads\Nearest_Neighbours\Build\CMakeFiles\CMakeTmp\CheckIncludeFile.c
  Microsoft (R) C/C++ Optimizing Compiler Version 19.00.23918 for x64
  Copyright (C) Microsoft Corporation.  All rights reserved.
  
  cl /c /Zi /W3 /WX- /Od /Ob0 /D WIN32 /D _WINDOWS /D "CMAKE_INTDIR=\"Debug\"" /D _MBCS /Gm- /RTC1 /MDd /GS /fp:precise /Zc:wchar_t /Zc:forScope /Zc:inline /Fo"cmTC_9d610.dir\Debug\\" /Fd"cmTC_9d610.dir\Debug\vc140.pdb" /Gd /TC /errorReport:queue C:\Users\h6gupta\Downloads\Nearest_Neighbours\Build\CMakeFiles\CMakeTmp\CheckIncludeFile.c
  
  CheckIncludeFile.c
C:\Users\h6gupta\Downloads\Nearest_Neighbours\Build\CMakeFiles\CMakeTmp\CheckIncludeFile.c(1): fatal error C1083: Cannot open include file: 'unistd.h': No such file or directory [C:\Users\h6gupta\Downloads\Nearest_Neighbours\Build\CMakeFiles\CMakeTmp\cmTC_9d610.vcxproj]
Done Building Project "C:\Users\h6gupta\Downloads\Nearest_Neighbours\Build\CMakeFiles\CMakeTmp\cmTC_9d610.vcxproj" (default targets) -- FAILED.

Build FAILED.

"C:\Users\h6gupta\Downloads\Nearest_Neighbours\Build\CMakeFiles\CMakeTmp\cmTC_9d610.vcxproj" (default target) (1) ->
(ClCompile target) -> 
  C:\Users\h6gupta\Downloads\Nearest_Neighbours\Build\CMakeFiles\CMakeTmp\CheckIncludeFile.c(1): fatal error C1083: Cannot open include file: 'unistd.h': No such file or directory [C:\Users\h6gupta\Downloads\Nearest_Neighbours\Build\CMakeFiles\CMakeTmp\cmTC_9d610.vcxproj]

    0 Warning(s)
    1 Error(s)

Time Elapsed 00:00:00.31


Determining if files zlib.h exist failed with the following output:
Change Dir: C:/Users/h6gupta/Downloads/Nearest_Neighbours/Build/CMakeFiles/CMakeTmp

Run Build Command:"C:/Program Files (x86)/MSBuild/14.0/bin/MSBuild.exe" "cmTC_321ab.vcxproj" "/p:Configuration=Debug" "/p:VisualStudioVersion=14.0"
Microsoft (R) Build Engine version 14.0.25123.0
Copyright (C) Microsoft Corporation. All rights reserved.

Build started 3/8/2019 4:29:10 PM.
Project "C:\Users\h6gupta\Downloads\Nearest_Neighbours\Build\CMakeFiles\CMakeTmp\cmTC_321ab.vcxproj" on node 1 (default targets).
PrepareForBuild:
  Creating directory "cmTC_321ab.dir\Debug\".
  Creating directory "C:\Users\h6gupta\Downloads\Nearest_Neighbours\Build\CMakeFiles\CMakeTmp\Debug\".
  Creating directory "cmTC_321ab.dir\Debug\cmTC_321ab.tlog\".
InitializeBuildStatus:
  Creating "cmTC_321ab.dir\Debug\cmTC_321ab.tlog\unsuccessfulbuild" because "AlwaysCreate" was specified.
ClCompile:
  C:\Program Files (x86)\Microsoft Visual Studio 14.0\VC\bin\x86_amd64\CL.exe /c /Zi /W3 /WX- /Od /Ob0 /D WIN32 /D _WINDOWS /D "CMAKE_INTDIR=\"Debug\"" /D _MBCS /Gm- /RTC1 /MDd /GS /fp:precise /Zc:wchar_t /Zc:forScope /Zc:inline /Fo"cmTC_321ab.dir\Debug\\" /Fd"cmTC_321ab.dir\Debug\vc140.pdb" /Gd /TC /errorReport:queue C:\Users\h6gupta\Downloads\Nearest_Neighbours\Build\CMakeFiles\CMakeTmp\CheckIncludeFiles.c
  Microsoft (R) C/C++ Optimizing Compiler Version 19.00.23918 for x64
  Copyright (C) Microsoft Corporation.  All rights reserved.
  
  cl /c /Zi /W3 /WX- /Od /Ob0 /D WIN32 /D _WINDOWS /D "CMAKE_INTDIR=\"Debug\"" /D _MBCS /Gm- /RTC1 /MDd /GS /fp:precise /Zc:wchar_t /Zc:forScope /Zc:inline /Fo"cmTC_321ab.dir\Debug\\" /Fd"cmTC_321ab.dir\Debug\vc140.pdb" /Gd /TC /errorReport:queue C:\Users\h6gupta\Downloads\Nearest_Neighbours\Build\CMakeFiles\CMakeTmp\CheckIncludeFiles.c
  
  CheckIncludeFiles.c
C:\Users\h6gupta\Downloads\Nearest_Neighbours\Build\CMakeFiles\CMakeTmp\CheckIncludeFiles.c(2): fatal error C1083: Cannot open include file: 'zlib.h': No such file or directory [C:\Users\h6gupta\Downloads\Nearest_Neighbours\Build\CMakeFiles\CMakeTmp\cmTC_321ab.vcxproj]
Done Building Project "C:\Users\h6gupta\Downloads\Nearest_Neighbours\Build\CMakeFiles\CMakeTmp\cmTC_321ab.vcxproj" (default targets) -- FAILED.

Build FAILED.

"C:\Users\h6gupta\Downloads\Nearest_Neighbours\Build\CMakeFiles\CMakeTmp\cmTC_321ab.vcxproj" (default target) (1) ->
(ClCompile target) -> 
  C:\Users\h6gupta\Downloads\Nearest_Neighbours\Build\CMakeFiles\CMakeTmp\CheckIncludeFiles.c(2): fatal error C1083: Cannot open include file: 'zlib.h': No such file or directory [C:\Users\h6gupta\Downloads\Nearest_Neighbours\Build\CMakeFiles\CMakeTmp\cmTC_321ab.vcxproj]

    0 Warning(s)
    1 Error(s)

Time Elapsed 00:00:00.31

Source:
/* */
#include <zlib.h>


int main(void){return 0;}

Determining if files jpeglib.h exist failed with the following output:
Change Dir: C:/Users/h6gupta/Downloads/Nearest_Neighbours/Build/CMakeFiles/CMakeTmp

Run Build Command:"C:/Program Files (x86)/MSBuild/14.0/bin/MSBuild.exe" "cmTC_0ab53.vcxproj" "/p:Configuration=Debug" "/p:VisualStudioVersion=14.0"
Microsoft (R) Build Engine version 14.0.25123.0
Copyright (C) Microsoft Corporation. All rights reserved.

Build started 3/8/2019 4:29:10 PM.
Project "C:\Users\h6gupta\Downloads\Nearest_Neighbours\Build\CMakeFiles\CMakeTmp\cmTC_0ab53.vcxproj" on node 1 (default targets).
PrepareForBuild:
  Creating directory "cmTC_0ab53.dir\Debug\".
  Creating directory "C:\Users\h6gupta\Downloads\Nearest_Neighbours\Build\CMakeFiles\CMakeTmp\Debug\".
  Creating directory "cmTC_0ab53.dir\Debug\cmTC_0ab53.tlog\".
InitializeBuildStatus:
  Creating "cmTC_0ab53.dir\Debug\cmTC_0ab53.tlog\unsuccessfulbuild" because "AlwaysCreate" was specified.
ClCompile:
  C:\Program Files (x86)\Microsoft Visual Studio 14.0\VC\bin\x86_amd64\CL.exe /c /Zi /W3 /WX- /Od /Ob0 /D WIN32 /D _WINDOWS /D "CMAKE_INTDIR=\"Debug\"" /D _MBCS /Gm- /RTC1 /MDd /GS /fp:precise /Zc:wchar_t /Zc:forScope /Zc:inline /Fo"cmTC_0ab53.dir\Debug\\" /Fd"cmTC_0ab53.dir\Debug\vc140.pdb" /Gd /TC /errorReport:queue C:\Users\h6gupta\Downloads\Nearest_Neighbours\Build\CMakeFiles\CMakeTmp\CheckIncludeFiles.c
  Microsoft (R) C/C++ Optimizing Compiler Version 19.00.23918 for x64
  Copyright (C) Microsoft Corporation.  All rights reserved.
  
  cl /c /Zi /W3 /WX- /Od /Ob0 /D WIN32 /D _WINDOWS /D "CMAKE_INTDIR=\"Debug\"" /D _MBCS /Gm- /RTC1 /MDd /GS /fp:precise /Zc:wchar_t /Zc:forScope /Zc:inline /Fo"cmTC_0ab53.dir\Debug\\" /Fd"cmTC_0ab53.dir\Debug\vc140.pdb" /Gd /TC /errorReport:queue C:\Users\h6gupta\Downloads\Nearest_Neighbours\Build\CMakeFiles\CMakeTmp\CheckIncludeFiles.c
  
  CheckIncludeFiles.c
C:\Users\h6gupta\Downloads\Nearest_Neighbours\Build\CMakeFiles\CMakeTmp\CheckIncludeFiles.c(2): fatal error C1083: Cannot open include file: 'jpeglib.h': No such file or directory [C:\Users\h6gupta\Downloads\Nearest_Neighbours\Build\CMakeFiles\CMakeTmp\cmTC_0ab53.vcxproj]
Done Building Project "C:\Users\h6gupta\Downloads\Nearest_Neighbours\Build\CMakeFiles\CMakeTmp\cmTC_0ab53.vcxproj" (default targets) -- FAILED.

Build FAILED.

"C:\Users\h6gupta\Downloads\Nearest_Neighbours\Build\CMakeFiles\CMakeTmp\cmTC_0ab53.vcxproj" (default target) (1) ->
(ClCompile target) -> 
  C:\Users\h6gupta\Downloads\Nearest_Neighbours\Build\CMakeFiles\CMakeTmp\CheckIncludeFiles.c(2): fatal error C1083: Cannot open include file: 'jpeglib.h': No such file or directory [C:\Users\h6gupta\Downloads\Nearest_Neighbours\Build\CMakeFiles\CMakeTmp\cmTC_0ab53.vcxproj]

    0 Warning(s)
    1 Error(s)

Time Elapsed 00:00:00.31

Source:
/* */
#include <jpeglib.h>


int main(void){return 0;}

Determining if files dlfcn.h exist failed with the following output:
Change Dir: C:/Users/h6gupta/Downloads/Nearest_Neighbours/Build/CMakeFiles/CMakeTmp

Run Build Command:"C:/Program Files (x86)/MSBuild/14.0/bin/MSBuild.exe" "cmTC_e7f03.vcxproj" "/p:Configuration=Debug" "/p:VisualStudioVersion=14.0"
Microsoft (R) Build Engine version 14.0.25123.0
Copyright (C) Microsoft Corporation. All rights reserved.

Build started 3/8/2019 4:29:11 PM.
Project "C:\Users\h6gupta\Downloads\Nearest_Neighbours\Build\CMakeFiles\CMakeTmp\cmTC_e7f03.vcxproj" on node 1 (default targets).
PrepareForBuild:
  Creating directory "cmTC_e7f03.dir\Debug\".
  Creating directory "C:\Users\h6gupta\Downloads\Nearest_Neighbours\Build\CMakeFiles\CMakeTmp\Debug\".
  Creating directory "cmTC_e7f03.dir\Debug\cmTC_e7f03.tlog\".
InitializeBuildStatus:
  Creating "cmTC_e7f03.dir\Debug\cmTC_e7f03.tlog\unsuccessfulbuild" because "AlwaysCreate" was specified.
ClCompile:
  C:\Program Files (x86)\Microsoft Visual Studio 14.0\VC\bin\x86_amd64\CL.exe /c /Zi /W3 /WX- /Od /Ob0 /D WIN32 /D _WINDOWS /D "CMAKE_INTDIR=\"Debug\"" /D _MBCS /Gm- /RTC1 /MDd /GS /fp:precise /Zc:wchar_t /Zc:forScope /Zc:inline /Fo"cmTC_e7f03.dir\Debug\\" /Fd"cmTC_e7f03.dir\Debug\vc140.pdb" /Gd /TC /errorReport:queue C:\Users\h6gupta\Downloads\Nearest_Neighbours\Build\CMakeFiles\CMakeTmp\CheckIncludeFiles.c
  Microsoft (R) C/C++ Optimizing Compiler Version 19.00.23918 for x64
  Copyright (C) Microsoft Corporation.  All rights reserved.
  
  cl /c /Zi /W3 /WX- /Od /Ob0 /D WIN32 /D _WINDOWS /D "CMAKE_INTDIR=\"Debug\"" /D _MBCS /Gm- /RTC1 /MDd /GS /fp:precise /Zc:wchar_t /Zc:forScope /Zc:inline /Fo"cmTC_e7f03.dir\Debug\\" /Fd"cmTC_e7f03.dir\Debug\vc140.pdb" /Gd /TC /errorReport:queue C:\Users\h6gupta\Downloads\Nearest_Neighbours\Build\CMakeFiles\CMakeTmp\CheckIncludeFiles.c
  
  CheckIncludeFiles.c
C:\Users\h6gupta\Downloads\Nearest_Neighbours\Build\CMakeFiles\CMakeTmp\CheckIncludeFiles.c(2): fatal error C1083: Cannot open include file: 'dlfcn.h': No such file or directory [C:\Users\h6gupta\Downloads\Nearest_Neighbours\Build\CMakeFiles\CMakeTmp\cmTC_e7f03.vcxproj]
Done Building Project "C:\Users\h6gupta\Downloads\Nearest_Neighbours\Build\CMakeFiles\CMakeTmp\cmTC_e7f03.vcxproj" (default targets) -- FAILED.

Build FAILED.

"C:\Users\h6gupta\Downloads\Nearest_Neighbours\Build\CMakeFiles\CMakeTmp\cmTC_e7f03.vcxproj" (default target) (1) ->
(ClCompile target) -> 
  C:\Users\h6gupta\Downloads\Nearest_Neighbours\Build\CMakeFiles\CMakeTmp\CheckIncludeFiles.c(2): fatal error C1083: Cannot open include file: 'dlfcn.h': No such file or directory [C:\Users\h6gupta\Downloads\Nearest_Neighbours\Build\CMakeFiles\CMakeTmp\cmTC_e7f03.vcxproj]

    0 Warning(s)
    1 Error(s)

Time Elapsed 00:00:00.31

Source:
/* */
#include <dlfcn.h>


int main(void){return 0;}

Determining if files strings.h exist failed with the following output:
Change Dir: C:/Users/h6gupta/Downloads/Nearest_Neighbours/Build/CMakeFiles/CMakeTmp

Run Build Command:"C:/Program Files (x86)/MSBuild/14.0/bin/MSBuild.exe" "cmTC_e2f85.vcxproj" "/p:Configuration=Debug" "/p:VisualStudioVersion=14.0"
Microsoft (R) Build Engine version 14.0.25123.0
Copyright (C) Microsoft Corporation. All rights reserved.

Build started 3/8/2019 4:29:17 PM.
Project "C:\Users\h6gupta\Downloads\Nearest_Neighbours\Build\CMakeFiles\CMakeTmp\cmTC_e2f85.vcxproj" on node 1 (default targets).
PrepareForBuild:
  Creating directory "cmTC_e2f85.dir\Debug\".
  Creating directory "C:\Users\h6gupta\Downloads\Nearest_Neighbours\Build\CMakeFiles\CMakeTmp\Debug\".
  Creating directory "cmTC_e2f85.dir\Debug\cmTC_e2f85.tlog\".
InitializeBuildStatus:
  Creating "cmTC_e2f85.dir\Debug\cmTC_e2f85.tlog\unsuccessfulbuild" because "AlwaysCreate" was specified.
ClCompile:
  C:\Program Files (x86)\Microsoft Visual Studio 14.0\VC\bin\x86_amd64\CL.exe /c /Zi /W3 /WX- /Od /Ob0 /D WIN32 /D _WINDOWS /D "CMAKE_INTDIR=\"Debug\"" /D _MBCS /Gm- /RTC1 /MDd /GS /fp:precise /Zc:wchar_t /Zc:forScope /Zc:inline /Fo"cmTC_e2f85.dir\Debug\\" /Fd"cmTC_e2f85.dir\Debug\vc140.pdb" /Gd /TC /errorReport:queue C:\Users\h6gupta\Downloads\Nearest_Neighbours\Build\CMakeFiles\CMakeTmp\CheckIncludeFiles.c
  Microsoft (R) C/C++ Optimizing Compiler Version 19.00.23918 for x64
  Copyright (C) Microsoft Corporation.  All rights reserved.
  
  cl /c /Zi /W3 /WX- /Od /Ob0 /D WIN32 /D _WINDOWS /D "CMAKE_INTDIR=\"Debug\"" /D _MBCS /Gm- /RTC1 /MDd /GS /fp:precise /Zc:wchar_t /Zc:forScope /Zc:inline /Fo"cmTC_e2f85.dir\Debug\\" /Fd"cmTC_e2f85.dir\Debug\vc140.pdb" /Gd /TC /errorReport:queue C:\Users\h6gupta\Downloads\Nearest_Neighbours\Build\CMakeFiles\CMakeTmp\CheckIncludeFiles.c
  
  CheckIncludeFiles.c
C:\Users\h6gupta\Downloads\Nearest_Neighbours\Build\CMakeFiles\CMakeTmp\CheckIncludeFiles.c(2): fatal error C1083: Cannot open include file: 'strings.h': No such file or directory [C:\Users\h6gupta\Downloads\Nearest_Neighbours\Build\CMakeFiles\CMakeTmp\cmTC_e2f85.vcxproj]
Done Building Project "C:\Users\h6gupta\Downloads\Nearest_Neighbours\Build\CMakeFiles\CMakeTmp\cmTC_e2f85.vcxproj" (default targets) -- FAILED.

Build FAILED.

"C:\Users\h6gupta\Downloads\Nearest_Neighbours\Build\CMakeFiles\CMakeTmp\cmTC_e2f85.vcxproj" (default target) (1) ->
(ClCompile target) -> 
  C:\Users\h6gupta\Downloads\Nearest_Neighbours\Build\CMakeFiles\CMakeTmp\CheckIncludeFiles.c(2): fatal error C1083: Cannot open include file: 'strings.h': No such file or directory [C:\Users\h6gupta\Downloads\Nearest_Neighbours\Build\CMakeFiles\CMakeTmp\cmTC_e2f85.vcxproj]

    0 Warning(s)
    1 Error(s)

Time Elapsed 00:00:00.31

Source:
/* */
#include <strings.h>


int main(void){return 0;}

Determining if files sys/time.h exist failed with the following output:
Change Dir: C:/Users/h6gupta/Downloads/Nearest_Neighbours/Build/CMakeFiles/CMakeTmp

Run Build Command:"C:/Program Files (x86)/MSBuild/14.0/bin/MSBuild.exe" "cmTC_ce258.vcxproj" "/p:Configuration=Debug" "/p:VisualStudioVersion=14.0"
Microsoft (R) Build Engine version 14.0.25123.0
Copyright (C) Microsoft Corporation. All rights reserved.

Build started 3/8/2019 4:29:18 PM.
Project "C:\Users\h6gupta\Downloads\Nearest_Neighbours\Build\CMakeFiles\CMakeTmp\cmTC_ce258.vcxproj" on node 1 (default targets).
PrepareForBuild:
  Creating directory "cmTC_ce258.dir\Debug\".
  Creating directory "C:\Users\h6gupta\Downloads\Nearest_Neighbours\Build\CMakeFiles\CMakeTmp\Debug\".
  Creating directory "cmTC_ce258.dir\Debug\cmTC_ce258.tlog\".
InitializeBuildStatus:
  Creating "cmTC_ce258.dir\Debug\cmTC_ce258.tlog\unsuccessfulbuild" because "AlwaysCreate" was specified.
ClCompile:
  C:\Program Files (x86)\Microsoft Visual Studio 14.0\VC\bin\x86_amd64\CL.exe /c /Zi /W3 /WX- /Od /Ob0 /D WIN32 /D _WINDOWS /D "CMAKE_INTDIR=\"Debug\"" /D _MBCS /Gm- /RTC1 /MDd /GS /fp:precise /Zc:wchar_t /Zc:forScope /Zc:inline /Fo"cmTC_ce258.dir\Debug\\" /Fd"cmTC_ce258.dir\Debug\vc140.pdb" /Gd /TC /errorReport:queue C:\Users\h6gupta\Downloads\Nearest_Neighbours\Build\CMakeFiles\CMakeTmp\CheckIncludeFiles.c
  Microsoft (R) C/C++ Optimizing Compiler Version 19.00.23918 for x64
  Copyright (C) Microsoft Corporation.  All rights reserved.
  
  cl /c /Zi /W3 /WX- /Od /Ob0 /D WIN32 /D _WINDOWS /D "CMAKE_INTDIR=\"Debug\"" /D _MBCS /Gm- /RTC1 /MDd /GS /fp:precise /Zc:wchar_t /Zc:forScope /Zc:inline /Fo"cmTC_ce258.dir\Debug\\" /Fd"cmTC_ce258.dir\Debug\vc140.pdb" /Gd /TC /errorReport:queue C:\Users\h6gupta\Downloads\Nearest_Neighbours\Build\CMakeFiles\CMakeTmp\CheckIncludeFiles.c
  
  CheckIncludeFiles.c
C:\Users\h6gupta\Downloads\Nearest_Neighbours\Build\CMakeFiles\CMakeTmp\CheckIncludeFiles.c(2): fatal error C1083: Cannot open include file: 'sys/time.h': No such file or directory [C:\Users\h6gupta\Downloads\Nearest_Neighbours\Build\CMakeFiles\CMakeTmp\cmTC_ce258.vcxproj]
Done Building Project "C:\Users\h6gupta\Downloads\Nearest_Neighbours\Build\CMakeFiles\CMakeTmp\cmTC_ce258.vcxproj" (default targets) -- FAILED.

Build FAILED.

"C:\Users\h6gupta\Downloads\Nearest_Neighbours\Build\CMakeFiles\CMakeTmp\cmTC_ce258.vcxproj" (default target) (1) ->
(ClCompile target) -> 
  C:\Users\h6gupta\Downloads\Nearest_Neighbours\Build\CMakeFiles\CMakeTmp\CheckIncludeFiles.c(2): fatal error C1083: Cannot open include file: 'sys/time.h': No such file or directory [C:\Users\h6gupta\Downloads\Nearest_Neighbours\Build\CMakeFiles\CMakeTmp\cmTC_ce258.vcxproj]

    0 Warning(s)
    1 Error(s)

Time Elapsed 00:00:00.30

Source:
/* */
#include <sys/time.h>


int main(void){return 0;}

Determining if files unistd.h exist failed with the following output:
Change Dir: C:/Users/h6gupta/Downloads/Nearest_Neighbours/Build/CMakeFiles/CMakeTmp

Run Build Command:"C:/Program Files (x86)/MSBuild/14.0/bin/MSBuild.exe" "cmTC_40225.vcxproj" "/p:Configuration=Debug" "/p:VisualStudioVersion=14.0"
Microsoft (R) Build Engine version 14.0.25123.0
Copyright (C) Microsoft Corporation. All rights reserved.

Build started 3/8/2019 4:29:19 PM.
Project "C:\Users\h6gupta\Downloads\Nearest_Neighbours\Build\CMakeFiles\CMakeTmp\cmTC_40225.vcxproj" on node 1 (default targets).
PrepareForBuild:
  Creating directory "cmTC_40225.dir\Debug\".
  Creating directory "C:\Users\h6gupta\Downloads\Nearest_Neighbours\Build\CMakeFiles\CMakeTmp\Debug\".
  Creating directory "cmTC_40225.dir\Debug\cmTC_40225.tlog\".
InitializeBuildStatus:
  Creating "cmTC_40225.dir\Debug\cmTC_40225.tlog\unsuccessfulbuild" because "AlwaysCreate" was specified.
ClCompile:
  C:\Program Files (x86)\Microsoft Visual Studio 14.0\VC\bin\x86_amd64\CL.exe /c /Zi /W3 /WX- /Od /Ob0 /D WIN32 /D _WINDOWS /D "CMAKE_INTDIR=\"Debug\"" /D _MBCS /Gm- /RTC1 /MDd /GS /fp:precise /Zc:wchar_t /Zc:forScope /Zc:inline /Fo"cmTC_40225.dir\Debug\\" /Fd"cmTC_40225.dir\Debug\vc140.pdb" /Gd /TC /errorReport:queue C:\Users\h6gupta\Downloads\Nearest_Neighbours\Build\CMakeFiles\CMakeTmp\CheckIncludeFiles.c
  Microsoft (R) C/C++ Optimizing Compiler Version 19.00.23918 for x64
  Copyright (C) Microsoft Corporation.  All rights reserved.
  
  cl /c /Zi /W3 /WX- /Od /Ob0 /D WIN32 /D _WINDOWS /D "CMAKE_INTDIR=\"Debug\"" /D _MBCS /Gm- /RTC1 /MDd /GS /fp:precise /Zc:wchar_t /Zc:forScope /Zc:inline /Fo"cmTC_40225.dir\Debug\\" /Fd"cmTC_40225.dir\Debug\vc140.pdb" /Gd /TC /errorReport:queue C:\Users\h6gupta\Downloads\Nearest_Neighbours\Build\CMakeFiles\CMakeTmp\CheckIncludeFiles.c
  
  CheckIncludeFiles.c
C:\Users\h6gupta\Downloads\Nearest_Neighbours\Build\CMakeFiles\CMakeTmp\CheckIncludeFiles.c(2): fatal error C1083: Cannot open include file: 'unistd.h': No such file or directory [C:\Users\h6gupta\Downloads\Nearest_Neighbours\Build\CMakeFiles\CMakeTmp\cmTC_40225.vcxproj]
Done Building Project "C:\Users\h6gupta\Downloads\Nearest_Neighbours\Build\CMakeFiles\CMakeTmp\cmTC_40225.vcxproj" (default targets) -- FAILED.

Build FAILED.

"C:\Users\h6gupta\Downloads\Nearest_Neighbours\Build\CMakeFiles\CMakeTmp\cmTC_40225.vcxproj" (default target) (1) ->
(ClCompile target) -> 
  C:\Users\h6gupta\Downloads\Nearest_Neighbours\Build\CMakeFiles\CMakeTmp\CheckIncludeFiles.c(2): fatal error C1083: Cannot open include file: 'unistd.h': No such file or directory [C:\Users\h6gupta\Downloads\Nearest_Neighbours\Build\CMakeFiles\CMakeTmp\cmTC_40225.vcxproj]

    0 Warning(s)
    1 Error(s)

Time Elapsed 00:00:00.31

Source:
/* */
#include <unistd.h>


int main(void){return 0;}

Determining if files ieeefp.h exist failed with the following output:
Change Dir: C:/Users/h6gupta/Downloads/Nearest_Neighbours/Build/CMakeFiles/CMakeTmp

Run Build Command:"C:/Program Files (x86)/MSBuild/14.0/bin/MSBuild.exe" "cmTC_fd5b7.vcxproj" "/p:Configuration=Debug" "/p:VisualStudioVersion=14.0"
Microsoft (R) Build Engine version 14.0.25123.0
Copyright (C) Microsoft Corporation. All rights reserved.

Build started 3/8/2019 4:29:21 PM.
Project "C:\Users\h6gupta\Downloads\Nearest_Neighbours\Build\CMakeFiles\CMakeTmp\cmTC_fd5b7.vcxproj" on node 1 (default targets).
PrepareForBuild:
  Creating directory "cmTC_fd5b7.dir\Debug\".
  Creating directory "C:\Users\h6gupta\Downloads\Nearest_Neighbours\Build\CMakeFiles\CMakeTmp\Debug\".
  Creating directory "cmTC_fd5b7.dir\Debug\cmTC_fd5b7.tlog\".
InitializeBuildStatus:
  Creating "cmTC_fd5b7.dir\Debug\cmTC_fd5b7.tlog\unsuccessfulbuild" because "AlwaysCreate" was specified.
ClCompile:
  C:\Program Files (x86)\Microsoft Visual Studio 14.0\VC\bin\x86_amd64\CL.exe /c /Zi /W3 /WX- /Od /Ob0 /D WIN32 /D _WINDOWS /D "CMAKE_INTDIR=\"Debug\"" /D _MBCS /Gm- /RTC1 /MDd /GS /fp:precise /Zc:wchar_t /Zc:forScope /Zc:inline /Fo"cmTC_fd5b7.dir\Debug\\" /Fd"cmTC_fd5b7.dir\Debug\vc140.pdb" /Gd /TC /errorReport:queue C:\Users\h6gupta\Downloads\Nearest_Neighbours\Build\CMakeFiles\CMakeTmp\CheckIncludeFiles.c
  Microsoft (R) C/C++ Optimizing Compiler Version 19.00.23918 for x64
  Copyright (C) Microsoft Corporation.  All rights reserved.
  
  cl /c /Zi /W3 /WX- /Od /Ob0 /D WIN32 /D _WINDOWS /D "CMAKE_INTDIR=\"Debug\"" /D _MBCS /Gm- /RTC1 /MDd /GS /fp:precise /Zc:wchar_t /Zc:forScope /Zc:inline /Fo"cmTC_fd5b7.dir\Debug\\" /Fd"cmTC_fd5b7.dir\Debug\vc140.pdb" /Gd /TC /errorReport:queue C:\Users\h6gupta\Downloads\Nearest_Neighbours\Build\CMakeFiles\CMakeTmp\CheckIncludeFiles.c
  
  CheckIncludeFiles.c
C:\Users\h6gupta\Downloads\Nearest_Neighbours\Build\CMakeFiles\CMakeTmp\CheckIncludeFiles.c(2): fatal error C1083: Cannot open include file: 'ieeefp.h': No such file or directory [C:\Users\h6gupta\Downloads\Nearest_Neighbours\Build\CMakeFiles\CMakeTmp\cmTC_fd5b7.vcxproj]
Done Building Project "C:\Users\h6gupta\Downloads\Nearest_Neighbours\Build\CMakeFiles\CMakeTmp\cmTC_fd5b7.vcxproj" (default targets) -- FAILED.

Build FAILED.

"C:\Users\h6gupta\Downloads\Nearest_Neighbours\Build\CMakeFiles\CMakeTmp\cmTC_fd5b7.vcxproj" (default target) (1) ->
(ClCompile target) -> 
  C:\Users\h6gupta\Downloads\Nearest_Neighbours\Build\CMakeFiles\CMakeTmp\CheckIncludeFiles.c(2): fatal error C1083: Cannot open include file: 'ieeefp.h': No such file or directory [C:\Users\h6gupta\Downloads\Nearest_Neighbours\Build\CMakeFiles\CMakeTmp\cmTC_fd5b7.vcxproj]

    0 Warning(s)
    1 Error(s)

Time Elapsed 00:00:00.31

Source:
/* */
#include <ieeefp.h>


int main(void){return 0;}

Determining if the function getopt exists failed with the following output:
Change Dir: C:/Users/h6gupta/Downloads/Nearest_Neighbours/Build/CMakeFiles/CMakeTmp

Run Build Command:"C:/Program Files (x86)/MSBuild/14.0/bin/MSBuild.exe" "cmTC_19318.vcxproj" "/p:Configuration=Debug" "/p:VisualStudioVersion=14.0"
Microsoft (R) Build Engine version 14.0.25123.0
Copyright (C) Microsoft Corporation. All rights reserved.

Build started 3/8/2019 4:29:21 PM.
Project "C:\Users\h6gupta\Downloads\Nearest_Neighbours\Build\CMakeFiles\CMakeTmp\cmTC_19318.vcxproj" on node 1 (default targets).
PrepareForBuild:
  Creating directory "cmTC_19318.dir\Debug\".
  Creating directory "C:\Users\h6gupta\Downloads\Nearest_Neighbours\Build\CMakeFiles\CMakeTmp\Debug\".
  Creating directory "cmTC_19318.dir\Debug\cmTC_19318.tlog\".
InitializeBuildStatus:
  Creating "cmTC_19318.dir\Debug\cmTC_19318.tlog\unsuccessfulbuild" because "AlwaysCreate" was specified.
ClCompile:
  C:\Program Files (x86)\Microsoft Visual Studio 14.0\VC\bin\x86_amd64\CL.exe /c /Zi /W3 /WX- /Od /Ob0 /D WIN32 /D _WINDOWS /D CHECK_FUNCTION_EXISTS=getopt /D "CMAKE_INTDIR=\"Debug\"" /D _MBCS /Gm- /RTC1 /MDd /GS /fp:precise /Zc:wchar_t /Zc:forScope /Zc:inline /Fo"cmTC_19318.dir\Debug\\" /Fd"cmTC_19318.dir\Debug\vc140.pdb" /Gd /TC /errorReport:queue "C:\Program Files\CMake\share\cmake-3.10\Modules\CheckFunctionExists.c"
  Microsoft (R) C/C++ Optimizing Compiler Version 19.00.23918 for x64
  Copyright (C) Microsoft Corporation.  All rights reserved.
  
  cl /c /Zi /W3 /WX- /Od /Ob0 /D WIN32 /D _WINDOWS /D CHECK_FUNCTION_EXISTS=getopt /D "CMAKE_INTDIR=\"Debug\"" /D _MBCS /Gm- /RTC1 /MDd /GS /fp:precise /Zc:wchar_t /Zc:forScope /Zc:inline /Fo"cmTC_19318.dir\Debug\\" /Fd"cmTC_19318.dir\Debug\vc140.pdb" /Gd /TC /errorReport:queue "C:\Program Files\CMake\share\cmake-3.10\Modules\CheckFunctionExists.c"
  
  CheckFunctionExists.c
Link:
  C:\Program Files (x86)\Microsoft Visual Studio 14.0\VC\bin\x86_amd64\link.exe /ERRORREPORT:QUEUE /OUT:"C:\Users\h6gupta\Downloads\Nearest_Neighbours\Build\CMakeFiles\CMakeTmp\Debug\cmTC_19318.exe" /INCREMENTAL /NOLOGO kernel32.lib user32.lib gdi32.lib winspool.lib shell32.lib ole32.lib oleaut32.lib uuid.lib comdlg32.lib advapi32.lib /MANIFEST /MANIFESTUAC:"level='asInvoker' uiAccess='false'" /manifest:embed /DEBUG /PDB:"C:/Users/h6gupta/Downloads/Nearest_Neighbours/Build/CMakeFiles/CMakeTmp/Debug/cmTC_19318.pdb" /SUBSYSTEM:CONSOLE /TLBID:1 /DYNAMICBASE /NXCOMPAT /IMPLIB:"C:/Users/h6gupta/Downloads/Nearest_Neighbours/Build/CMakeFiles/CMakeTmp/Debug/cmTC_19318.lib" /MACHINE:X64  /machine:x64 cmTC_19318.dir\Debug\CheckFunctionExists.obj
CheckFunctionExists.obj : error LNK2019: unresolved external symbol getopt referenced in function main [C:\Users\h6gupta\Downloads\Nearest_Neighbours\Build\CMakeFiles\CMakeTmp\cmTC_19318.vcxproj]
C:\Users\h6gupta\Downloads\Nearest_Neighbours\Build\CMakeFiles\CMakeTmp\Debug\cmTC_19318.exe : fatal error LNK1120: 1 unresolved externals [C:\Users\h6gupta\Downloads\Nearest_Neighbours\Build\CMakeFiles\CMakeTmp\cmTC_19318.vcxproj]
Done Building Project "C:\Users\h6gupta\Downloads\Nearest_Neighbours\Build\CMakeFiles\CMakeTmp\cmTC_19318.vcxproj" (default targets) -- FAILED.

Build FAILED.

"C:\Users\h6gupta\Downloads\Nearest_Neighbours\Build\CMakeFiles\CMakeTmp\cmTC_19318.vcxproj" (default target) (1) ->
(Link target) -> 
  CheckFunctionExists.obj : error LNK2019: unresolved external symbol getopt referenced in function main [C:\Users\h6gupta\Downloads\Nearest_Neighbours\Build\CMakeFiles\CMakeTmp\cmTC_19318.vcxproj]
  C:\Users\h6gupta\Downloads\Nearest_Neighbours\Build\CMakeFiles\CMakeTmp\Debug\cmTC_19318.exe : fatal error LNK1120: 1 unresolved externals [C:\Users\h6gupta\Downloads\Nearest_Neighbours\Build\CMakeFiles\CMakeTmp\cmTC_19318.vcxproj]

    0 Warning(s)
    2 Error(s)

Time Elapsed 00:00:00.44


Determining if the function isascii exists failed with the following output:
Change Dir: C:/Users/h6gupta/Downloads/Nearest_Neighbours/Build/CMakeFiles/CMakeTmp

Run Build Command:"C:/Program Files (x86)/MSBuild/14.0/bin/MSBuild.exe" "cmTC_0324a.vcxproj" "/p:Configuration=Debug" "/p:VisualStudioVersion=14.0"
Microsoft (R) Build Engine version 14.0.25123.0
Copyright (C) Microsoft Corporation. All rights reserved.

Build started 3/8/2019 4:29:22 PM.
Project "C:\Users\h6gupta\Downloads\Nearest_Neighbours\Build\CMakeFiles\CMakeTmp\cmTC_0324a.vcxproj" on node 1 (default targets).
PrepareForBuild:
  Creating directory "cmTC_0324a.dir\Debug\".
  Creating directory "C:\Users\h6gupta\Downloads\Nearest_Neighbours\Build\CMakeFiles\CMakeTmp\Debug\".
  Creating directory "cmTC_0324a.dir\Debug\cmTC_0324a.tlog\".
InitializeBuildStatus:
  Creating "cmTC_0324a.dir\Debug\cmTC_0324a.tlog\unsuccessfulbuild" because "AlwaysCreate" was specified.
ClCompile:
  C:\Program Files (x86)\Microsoft Visual Studio 14.0\VC\bin\x86_amd64\CL.exe /c /Zi /W3 /WX- /Od /Ob0 /D WIN32 /D _WINDOWS /D CHECK_FUNCTION_EXISTS=isascii /D "CMAKE_INTDIR=\"Debug\"" /D _MBCS /Gm- /RTC1 /MDd /GS /fp:precise /Zc:wchar_t /Zc:forScope /Zc:inline /Fo"cmTC_0324a.dir\Debug\\" /Fd"cmTC_0324a.dir\Debug\vc140.pdb" /Gd /TC /errorReport:queue "C:\Program Files\CMake\share\cmake-3.10\Modules\CheckFunctionExists.c"
  Microsoft (R) C/C++ Optimizing Compiler Version 19.00.23918 for x64
  Copyright (C) Microsoft Corporation.  All rights reserved.
  
  cl /c /Zi /W3 /WX- /Od /Ob0 /D WIN32 /D _WINDOWS /D CHECK_FUNCTION_EXISTS=isascii /D "CMAKE_INTDIR=\"Debug\"" /D _MBCS /Gm- /RTC1 /MDd /GS /fp:precise /Zc:wchar_t /Zc:forScope /Zc:inline /Fo"cmTC_0324a.dir\Debug\\" /Fd"cmTC_0324a.dir\Debug\vc140.pdb" /Gd /TC /errorReport:queue "C:\Program Files\CMake\share\cmake-3.10\Modules\CheckFunctionExists.c"
  
  CheckFunctionExists.c
Link:
  C:\Program Files (x86)\Microsoft Visual Studio 14.0\VC\bin\x86_amd64\link.exe /ERRORREPORT:QUEUE /OUT:"C:\Users\h6gupta\Downloads\Nearest_Neighbours\Build\CMakeFiles\CMakeTmp\Debug\cmTC_0324a.exe" /INCREMENTAL /NOLOGO kernel32.lib user32.lib gdi32.lib winspool.lib shell32.lib ole32.lib oleaut32.lib uuid.lib comdlg32.lib advapi32.lib /MANIFEST /MANIFESTUAC:"level='asInvoker' uiAccess='false'" /manifest:embed /DEBUG /PDB:"C:/Users/h6gupta/Downloads/Nearest_Neighbours/Build/CMakeFiles/CMakeTmp/Debug/cmTC_0324a.pdb" /SUBSYSTEM:CONSOLE /TLBID:1 /DYNAMICBASE /NXCOMPAT /IMPLIB:"C:/Users/h6gupta/Downloads/Nearest_Neighbours/Build/CMakeFiles/CMakeTmp/Debug/cmTC_0324a.lib" /MACHINE:X64  /machine:x64 cmTC_0324a.dir\Debug\CheckFunctionExists.obj
CheckFunctionExists.obj : error LNK2019: unresolved external symbol isascii referenced in function main [C:\Users\h6gupta\Downloads\Nearest_Neighbours\Build\CMakeFiles\CMakeTmp\cmTC_0324a.vcxproj]
C:\Users\h6gupta\Downloads\Nearest_Neighbours\Build\CMakeFiles\CMakeTmp\Debug\cmTC_0324a.exe : fatal error LNK1120: 1 unresolved externals [C:\Users\h6gupta\Downloads\Nearest_Neighbours\Build\CMakeFiles\CMakeTmp\cmTC_0324a.vcxproj]
Done Building Project "C:\Users\h6gupta\Downloads\Nearest_Neighbours\Build\CMakeFiles\CMakeTmp\cmTC_0324a.vcxproj" (default targets) -- FAILED.

Build FAILED.

"C:\Users\h6gupta\Downloads\Nearest_Neighbours\Build\CMakeFiles\CMakeTmp\cmTC_0324a.vcxproj" (default target) (1) ->
(Link target) -> 
  CheckFunctionExists.obj : error LNK2019: unresolved external symbol isascii referenced in function main [C:\Users\h6gupta\Downloads\Nearest_Neighbours\Build\CMakeFiles\CMakeTmp\cmTC_0324a.vcxproj]
  C:\Users\h6gupta\Downloads\Nearest_Neighbours\Build\CMakeFiles\CMakeTmp\Debug\cmTC_0324a.exe : fatal error LNK1120: 1 unresolved externals [C:\Users\h6gupta\Downloads\Nearest_Neighbours\Build\CMakeFiles\CMakeTmp\cmTC_0324a.vcxproj]

    0 Warning(s)
    2 Error(s)

Time Elapsed 00:00:00.44


Determining if the function mmap exists failed with the following output:
Change Dir: C:/Users/h6gupta/Downloads/Nearest_Neighbours/Build/CMakeFiles/CMakeTmp

Run Build Command:"C:/Program Files (x86)/MSBuild/14.0/bin/MSBuild.exe" "cmTC_2f978.vcxproj" "/p:Configuration=Debug" "/p:VisualStudioVersion=14.0"
Microsoft (R) Build Engine version 14.0.25123.0
Copyright (C) Microsoft Corporation. All rights reserved.

Build started 3/8/2019 4:29:23 PM.
Project "C:\Users\h6gupta\Downloads\Nearest_Neighbours\Build\CMakeFiles\CMakeTmp\cmTC_2f978.vcxproj" on node 1 (default targets).
PrepareForBuild:
  Creating directory "cmTC_2f978.dir\Debug\".
  Creating directory "C:\Users\h6gupta\Downloads\Nearest_Neighbours\Build\CMakeFiles\CMakeTmp\Debug\".
  Creating directory "cmTC_2f978.dir\Debug\cmTC_2f978.tlog\".
InitializeBuildStatus:
  Creating "cmTC_2f978.dir\Debug\cmTC_2f978.tlog\unsuccessfulbuild" because "AlwaysCreate" was specified.
ClCompile:
  C:\Program Files (x86)\Microsoft Visual Studio 14.0\VC\bin\x86_amd64\CL.exe /c /Zi /W3 /WX- /Od /Ob0 /D WIN32 /D _WINDOWS /D CHECK_FUNCTION_EXISTS=mmap /D "CMAKE_INTDIR=\"Debug\"" /D _MBCS /Gm- /RTC1 /MDd /GS /fp:precise /Zc:wchar_t /Zc:forScope /Zc:inline /Fo"cmTC_2f978.dir\Debug\\" /Fd"cmTC_2f978.dir\Debug\vc140.pdb" /Gd /TC /errorReport:queue "C:\Program Files\CMake\share\cmake-3.10\Modules\CheckFunctionExists.c"
  Microsoft (R) C/C++ Optimizing Compiler Version 19.00.23918 for x64
  Copyright (C) Microsoft Corporation.  All rights reserved.
  
  cl /c /Zi /W3 /WX- /Od /Ob0 /D WIN32 /D _WINDOWS /D CHECK_FUNCTION_EXISTS=mmap /D "CMAKE_INTDIR=\"Debug\"" /D _MBCS /Gm- /RTC1 /MDd /GS /fp:precise /Zc:wchar_t /Zc:forScope /Zc:inline /Fo"cmTC_2f978.dir\Debug\\" /Fd"cmTC_2f978.dir\Debug\vc140.pdb" /Gd /TC /errorReport:queue "C:\Program Files\CMake\share\cmake-3.10\Modules\CheckFunctionExists.c"
  
  CheckFunctionExists.c
Link:
  C:\Program Files (x86)\Microsoft Visual Studio 14.0\VC\bin\x86_amd64\link.exe /ERRORREPORT:QUEUE /OUT:"C:\Users\h6gupta\Downloads\Nearest_Neighbours\Build\CMakeFiles\CMakeTmp\Debug\cmTC_2f978.exe" /INCREMENTAL /NOLOGO kernel32.lib user32.lib gdi32.lib winspool.lib shell32.lib ole32.lib oleaut32.lib uuid.lib comdlg32.lib advapi32.lib /MANIFEST /MANIFESTUAC:"level='asInvoker' uiAccess='false'" /manifest:embed /DEBUG /PDB:"C:/Users/h6gupta/Downloads/Nearest_Neighbours/Build/CMakeFiles/CMakeTmp/Debug/cmTC_2f978.pdb" /SUBSYSTEM:CONSOLE /TLBID:1 /DYNAMICBASE /NXCOMPAT /IMPLIB:"C:/Users/h6gupta/Downloads/Nearest_Neighbours/Build/CMakeFiles/CMakeTmp/Debug/cmTC_2f978.lib" /MACHINE:X64  /machine:x64 cmTC_2f978.dir\Debug\CheckFunctionExists.obj
CheckFunctionExists.obj : error LNK2019: unresolved external symbol mmap referenced in function main [C:\Users\h6gupta\Downloads\Nearest_Neighbours\Build\CMakeFiles\CMakeTmp\cmTC_2f978.vcxproj]
C:\Users\h6gupta\Downloads\Nearest_Neighbours\Build\CMakeFiles\CMakeTmp\Debug\cmTC_2f978.exe : fatal error LNK1120: 1 unresolved externals [C:\Users\h6gupta\Downloads\Nearest_Neighbours\Build\CMakeFiles\CMakeTmp\cmTC_2f978.vcxproj]
Done Building Project "C:\Users\h6gupta\Downloads\Nearest_Neighbours\Build\CMakeFiles\CMakeTmp\cmTC_2f978.vcxproj" (default targets) -- FAILED.

Build FAILED.

"C:\Users\h6gupta\Downloads\Nearest_Neighbours\Build\CMakeFiles\CMakeTmp\cmTC_2f978.vcxproj" (default target) (1) ->
(Link target) -> 
  CheckFunctionExists.obj : error LNK2019: unresolved external symbol mmap referenced in function main [C:\Users\h6gupta\Downloads\Nearest_Neighbours\Build\CMakeFiles\CMakeTmp\cmTC_2f978.vcxproj]
  C:\Users\h6gupta\Downloads\Nearest_Neighbours\Build\CMakeFiles\CMakeTmp\Debug\cmTC_2f978.exe : fatal error LNK1120: 1 unresolved externals [C:\Users\h6gupta\Downloads\Nearest_Neighbours\Build\CMakeFiles\CMakeTmp\cmTC_2f978.vcxproj]

    0 Warning(s)
    2 Error(s)

Time Elapsed 00:00:00.44


Determining if the function strcasecmp exists failed with the following output:
Change Dir: C:/Users/h6gupta/Downloads/Nearest_Neighbours/Build/CMakeFiles/CMakeTmp

Run Build Command:"C:/Program Files (x86)/MSBuild/14.0/bin/MSBuild.exe" "cmTC_2d0fb.vcxproj" "/p:Configuration=Debug" "/p:VisualStudioVersion=14.0"
Microsoft (R) Build Engine version 14.0.25123.0
Copyright (C) Microsoft Corporation. All rights reserved.

Build started 3/8/2019 4:29:24 PM.
Project "C:\Users\h6gupta\Downloads\Nearest_Neighbours\Build\CMakeFiles\CMakeTmp\cmTC_2d0fb.vcxproj" on node 1 (default targets).
PrepareForBuild:
  Creating directory "cmTC_2d0fb.dir\Debug\".
  Creating directory "C:\Users\h6gupta\Downloads\Nearest_Neighbours\Build\CMakeFiles\CMakeTmp\Debug\".
  Creating directory "cmTC_2d0fb.dir\Debug\cmTC_2d0fb.tlog\".
InitializeBuildStatus:
  Creating "cmTC_2d0fb.dir\Debug\cmTC_2d0fb.tlog\unsuccessfulbuild" because "AlwaysCreate" was specified.
ClCompile:
  C:\Program Files (x86)\Microsoft Visual Studio 14.0\VC\bin\x86_amd64\CL.exe /c /Zi /W3 /WX- /Od /Ob0 /D WIN32 /D _WINDOWS /D CHECK_FUNCTION_EXISTS=strcasecmp /D "CMAKE_INTDIR=\"Debug\"" /D _MBCS /Gm- /RTC1 /MDd /GS /fp:precise /Zc:wchar_t /Zc:forScope /Zc:inline /Fo"cmTC_2d0fb.dir\Debug\\" /Fd"cmTC_2d0fb.dir\Debug\vc140.pdb" /Gd /TC /errorReport:queue "C:\Program Files\CMake\share\cmake-3.10\Modules\CheckFunctionExists.c"
  Microsoft (R) C/C++ Optimizing Compiler Version 19.00.23918 for x64
  Copyright (C) Microsoft Corporation.  All rights reserved.
  
  cl /c /Zi /W3 /WX- /Od /Ob0 /D WIN32 /D _WINDOWS /D CHECK_FUNCTION_EXISTS=strcasecmp /D "CMAKE_INTDIR=\"Debug\"" /D _MBCS /Gm- /RTC1 /MDd /GS /fp:precise /Zc:wchar_t /Zc:forScope /Zc:inline /Fo"cmTC_2d0fb.dir\Debug\\" /Fd"cmTC_2d0fb.dir\Debug\vc140.pdb" /Gd /TC /errorReport:queue "C:\Program Files\CMake\share\cmake-3.10\Modules\CheckFunctionExists.c"
  
  CheckFunctionExists.c
Link:
  C:\Program Files (x86)\Microsoft Visual Studio 14.0\VC\bin\x86_amd64\link.exe /ERRORREPORT:QUEUE /OUT:"C:\Users\h6gupta\Downloads\Nearest_Neighbours\Build\CMakeFiles\CMakeTmp\Debug\cmTC_2d0fb.exe" /INCREMENTAL /NOLOGO kernel32.lib user32.lib gdi32.lib winspool.lib shell32.lib ole32.lib oleaut32.lib uuid.lib comdlg32.lib advapi32.lib /MANIFEST /MANIFESTUAC:"level='asInvoker' uiAccess='false'" /manifest:embed /DEBUG /PDB:"C:/Users/h6gupta/Downloads/Nearest_Neighbours/Build/CMakeFiles/CMakeTmp/Debug/cmTC_2d0fb.pdb" /SUBSYSTEM:CONSOLE /TLBID:1 /DYNAMICBASE /NXCOMPAT /IMPLIB:"C:/Users/h6gupta/Downloads/Nearest_Neighbours/Build/CMakeFiles/CMakeTmp/Debug/cmTC_2d0fb.lib" /MACHINE:X64  /machine:x64 cmTC_2d0fb.dir\Debug\CheckFunctionExists.obj
CheckFunctionExists.obj : error LNK2019: unresolved external symbol strcasecmp referenced in function main [C:\Users\h6gupta\Downloads\Nearest_Neighbours\Build\CMakeFiles\CMakeTmp\cmTC_2d0fb.vcxproj]
C:\Users\h6gupta\Downloads\Nearest_Neighbours\Build\CMakeFiles\CMakeTmp\Debug\cmTC_2d0fb.exe : fatal error LNK1120: 1 unresolved externals [C:\Users\h6gupta\Downloads\Nearest_Neighbours\Build\CMakeFiles\CMakeTmp\cmTC_2d0fb.vcxproj]
Done Building Project "C:\Users\h6gupta\Downloads\Nearest_Neighbours\Build\CMakeFiles\CMakeTmp\cmTC_2d0fb.vcxproj" (default targets) -- FAILED.

Build FAILED.

"C:\Users\h6gupta\Downloads\Nearest_Neighbours\Build\CMakeFiles\CMakeTmp\cmTC_2d0fb.vcxproj" (default target) (1) ->
(Link target) -> 
  CheckFunctionExists.obj : error LNK2019: unresolved external symbol strcasecmp referenced in function main [C:\Users\h6gupta\Downloads\Nearest_Neighbours\Build\CMakeFiles\CMakeTmp\cmTC_2d0fb.vcxproj]
  C:\Users\h6gupta\Downloads\Nearest_Neighbours\Build\CMakeFiles\CMakeTmp\Debug\cmTC_2d0fb.exe : fatal error LNK1120: 1 unresolved externals [C:\Users\h6gupta\Downloads\Nearest_Neighbours\Build\CMakeFiles\CMakeTmp\cmTC_2d0fb.vcxproj]

    0 Warning(s)
    2 Error(s)

Time Elapsed 00:00:00.44


Determining size of ssize_t failed with the following output:
Change Dir: C:/Users/h6gupta/Downloads/Nearest_Neighbours/Build/CMakeFiles/CMakeTmp

Run Build Command:"C:/Program Files (x86)/MSBuild/14.0/bin/MSBuild.exe" "cmTC_1db39.vcxproj" "/p:Configuration=Debug" "/p:VisualStudioVersion=14.0"
Microsoft (R) Build Engine version 14.0.25123.0
Copyright (C) Microsoft Corporation. All rights reserved.

Build started 3/8/2019 4:29:34 PM.
Project "C:\Users\h6gupta\Downloads\Nearest_Neighbours\Build\CMakeFiles\CMakeTmp\cmTC_1db39.vcxproj" on node 1 (default targets).
PrepareForBuild:
  Creating directory "cmTC_1db39.dir\Debug\".
  Creating directory "C:\Users\h6gupta\Downloads\Nearest_Neighbours\Build\CMakeFiles\CMakeTmp\Debug\".
  Creating directory "cmTC_1db39.dir\Debug\cmTC_1db39.tlog\".
InitializeBuildStatus:
  Creating "cmTC_1db39.dir\Debug\cmTC_1db39.tlog\unsuccessfulbuild" because "AlwaysCreate" was specified.
ClCompile:
  C:\Program Files (x86)\Microsoft Visual Studio 14.0\VC\bin\x86_amd64\CL.exe /c /Zi /W3 /WX- /Od /Ob0 /D WIN32 /D _WINDOWS /D "CMAKE_INTDIR=\"Debug\"" /D _MBCS /Gm- /RTC1 /MDd /GS /fp:precise /Zc:wchar_t /Zc:forScope /Zc:inline /Fo"cmTC_1db39.dir\Debug\\" /Fd"cmTC_1db39.dir\Debug\vc140.pdb" /Gd /TC /errorReport:queue C:\Users\h6gupta\Downloads\Nearest_Neighbours\Build\CMakeFiles\CheckTypeSize\SSIZE_T.c
  Microsoft (R) C/C++ Optimizing Compiler Version 19.00.23918 for x64
  Copyright (C) Microsoft Corporation.  All rights reserved.
  
  cl /c /Zi /W3 /WX- /Od /Ob0 /D WIN32 /D _WINDOWS /D "CMAKE_INTDIR=\"Debug\"" /D _MBCS /Gm- /RTC1 /MDd /GS /fp:precise /Zc:wchar_t /Zc:forScope /Zc:inline /Fo"cmTC_1db39.dir\Debug\\" /Fd"cmTC_1db39.dir\Debug\vc140.pdb" /Gd /TC /errorReport:queue C:\Users\h6gupta\Downloads\Nearest_Neighbours\Build\CMakeFiles\CheckTypeSize\SSIZE_T.c
  
  SSIZE_T.c
C:\Users\h6gupta\Downloads\Nearest_Neighbours\Build\CMakeFiles\CheckTypeSize\SSIZE_T.c(25): error C2065: 'ssize_t': undeclared identifier [C:\Users\h6gupta\Downloads\Nearest_Neighbours\Build\CMakeFiles\CMakeTmp\cmTC_1db39.vcxproj]
C:\Users\h6gupta\Downloads\Nearest_Neighbours\Build\CMakeFiles\CheckTypeSize\SSIZE_T.c(26): error C2065: 'ssize_t': undeclared identifier [C:\Users\h6gupta\Downloads\Nearest_Neighbours\Build\CMakeFiles\CMakeTmp\cmTC_1db39.vcxproj]
C:\Users\h6gupta\Downloads\Nearest_Neighbours\Build\CMakeFiles\CheckTypeSize\SSIZE_T.c(27): error C2065: 'ssize_t': undeclared identifier [C:\Users\h6gupta\Downloads\Nearest_Neighbours\Build\CMakeFiles\CMakeTmp\cmTC_1db39.vcxproj]
C:\Users\h6gupta\Downloads\Nearest_Neighbours\Build\CMakeFiles\CheckTypeSize\SSIZE_T.c(28): error C2065: 'ssize_t': undeclared identifier [C:\Users\h6gupta\Downloads\Nearest_Neighbours\Build\CMakeFiles\CMakeTmp\cmTC_1db39.vcxproj]
C:\Users\h6gupta\Downloads\Nearest_Neighbours\Build\CMakeFiles\CheckTypeSize\SSIZE_T.c(29): error C2065: 'ssize_t': undeclared identifier [C:\Users\h6gupta\Downloads\Nearest_Neighbours\Build\CMakeFiles\CMakeTmp\cmTC_1db39.vcxproj]
Done Building Project "C:\Users\h6gupta\Downloads\Nearest_Neighbours\Build\CMakeFiles\CMakeTmp\cmTC_1db39.vcxproj" (default targets) -- FAILED.

Build FAILED.

"C:\Users\h6gupta\Downloads\Nearest_Neighbours\Build\CMakeFiles\CMakeTmp\cmTC_1db39.vcxproj" (default target) (1) ->
(ClCompile target) -> 
  C:\Users\h6gupta\Downloads\Nearest_Neighbours\Build\CMakeFiles\CheckTypeSize\SSIZE_T.c(25): error C2065: 'ssize_t': undeclared identifier [C:\Users\h6gupta\Downloads\Nearest_Neighbours\Build\CMakeFiles\CMakeTmp\cmTC_1db39.vcxproj]
  C:\Users\h6gupta\Downloads\Nearest_Neighbours\Build\CMakeFiles\CheckTypeSize\SSIZE_T.c(26): error C2065: 'ssize_t': undeclared identifier [C:\Users\h6gupta\Downloads\Nearest_Neighbours\Build\CMakeFiles\CMakeTmp\cmTC_1db39.vcxproj]
  C:\Users\h6gupta\Downloads\Nearest_Neighbours\Build\CMakeFiles\CheckTypeSize\SSIZE_T.c(27): error C2065: 'ssize_t': undeclared identifier [C:\Users\h6gupta\Downloads\Nearest_Neighbours\Build\CMakeFiles\CMakeTmp\cmTC_1db39.vcxproj]
  C:\Users\h6gupta\Downloads\Nearest_Neighbours\Build\CMakeFiles\CheckTypeSize\SSIZE_T.c(28): error C2065: 'ssize_t': undeclared identifier [C:\Users\h6gupta\Downloads\Nearest_Neighbours\Build\CMakeFiles\CMakeTmp\cmTC_1db39.vcxproj]
  C:\Users\h6gupta\Downloads\Nearest_Neighbours\Build\CMakeFiles\CheckTypeSize\SSIZE_T.c(29): error C2065: 'ssize_t': undeclared identifier [C:\Users\h6gupta\Downloads\Nearest_Neighbours\Build\CMakeFiles\CMakeTmp\cmTC_1db39.vcxproj]

    0 Warning(s)
    5 Error(s)

Time Elapsed 00:00:00.31

C:/Users/h6gupta/Downloads/Nearest_Neighbours/Build/CMakeFiles/CheckTypeSize/SSIZE_T.c:
#include <sys/types.h>
#include <stdint.h>
#include <stddef.h>


#undef KEY
#if defined(__i386)
# define KEY '_','_','i','3','8','6'
#elif defined(__x86_64)
# define KEY '_','_','x','8','6','_','6','4'
#elif defined(__ppc__)
# define KEY '_','_','p','p','c','_','_'
#elif defined(__ppc64__)
# define KEY '_','_','p','p','c','6','4','_','_'
#elif defined(__aarch64__)
# define KEY '_','_','a','a','r','c','h','6','4','_','_'
#elif defined(__ARM_ARCH_7A__)
# define KEY '_','_','A','R','M','_','A','R','C','H','_','7','A','_','_'
#elif defined(__ARM_ARCH_7S__)
# define KEY '_','_','A','R','M','_','A','R','C','H','_','7','S','_','_'
#endif

#define SIZE (sizeof(ssize_t))
char info_size[] =  {'I', 'N', 'F', 'O', ':', 's','i','z','e','[',
  ('0' + ((SIZE / 10000)%10)),
  ('0' + ((SIZE / 1000)%10)),
  ('0' + ((SIZE / 100)%10)),
  ('0' + ((SIZE / 10)%10)),
  ('0' +  (SIZE    % 10)),
  ']',
#ifdef KEY
  ' ','k','e','y','[', KEY, ']',
#endif
  '\0'};

#ifdef __CLASSIC_C__
int main(argc, argv) int argc; char *argv[];
#else
int main(int argc, char *argv[])
#endif
{
  int require = 0;
  require += info_size[argc];
  (void)argv;
  return require;
}


Determining if the setmod exist failed with the following output:
Change Dir: C:/Users/h6gupta/Downloads/Nearest_Neighbours/Build/CMakeFiles/CMakeTmp

Run Build Command:"C:/Program Files (x86)/MSBuild/14.0/bin/MSBuild.exe" "cmTC_6e333.vcxproj" "/p:Configuration=Debug" "/p:VisualStudioVersion=14.0"
Microsoft (R) Build Engine version 14.0.25123.0
Copyright (C) Microsoft Corporation. All rights reserved.

Build started 3/8/2019 4:29:37 PM.
Project "C:\Users\h6gupta\Downloads\Nearest_Neighbours\Build\CMakeFiles\CMakeTmp\cmTC_6e333.vcxproj" on node 1 (default targets).
PrepareForBuild:
  Creating directory "cmTC_6e333.dir\Debug\".
  Creating directory "C:\Users\h6gupta\Downloads\Nearest_Neighbours\Build\CMakeFiles\CMakeTmp\Debug\".
  Creating directory "cmTC_6e333.dir\Debug\cmTC_6e333.tlog\".
InitializeBuildStatus:
  Creating "cmTC_6e333.dir\Debug\cmTC_6e333.tlog\unsuccessfulbuild" because "AlwaysCreate" was specified.
ClCompile:
  C:\Program Files (x86)\Microsoft Visual Studio 14.0\VC\bin\x86_amd64\CL.exe /c /Zi /W3 /WX- /Od /Ob0 /D WIN32 /D _WINDOWS /D "CMAKE_INTDIR=\"Debug\"" /D _MBCS /Gm- /RTC1 /MDd /GS /fp:precise /Zc:wchar_t /Zc:forScope /Zc:inline /Fo"cmTC_6e333.dir\Debug\\" /Fd"cmTC_6e333.dir\Debug\vc140.pdb" /Gd /TC /errorReport:queue C:\Users\h6gupta\Downloads\Nearest_Neighbours\Build\CMakeFiles\CMakeTmp\CheckSymbolExists.c
  Microsoft (R) C/C++ Optimizing Compiler Version 19.00.23918 for x64
  Copyright (C) Microsoft Corporation.  All rights reserved.
  
  cl /c /Zi /W3 /WX- /Od /Ob0 /D WIN32 /D _WINDOWS /D "CMAKE_INTDIR=\"Debug\"" /D _MBCS /Gm- /RTC1 /MDd /GS /fp:precise /Zc:wchar_t /Zc:forScope /Zc:inline /Fo"cmTC_6e333.dir\Debug\\" /Fd"cmTC_6e333.dir\Debug\vc140.pdb" /Gd /TC /errorReport:queue C:\Users\h6gupta\Downloads\Nearest_Neighbours\Build\CMakeFiles\CMakeTmp\CheckSymbolExists.c
  
  CheckSymbolExists.c
C:\Users\h6gupta\Downloads\Nearest_Neighbours\Build\CMakeFiles\CMakeTmp\CheckSymbolExists.c(8): error C2065: 'setmod': undeclared identifier [C:\Users\h6gupta\Downloads\Nearest_Neighbours\Build\CMakeFiles\CMakeTmp\cmTC_6e333.vcxproj]
Done Building Project "C:\Users\h6gupta\Downloads\Nearest_Neighbours\Build\CMakeFiles\CMakeTmp\cmTC_6e333.vcxproj" (default targets) -- FAILED.

Build FAILED.

"C:\Users\h6gupta\Downloads\Nearest_Neighbours\Build\CMakeFiles\CMakeTmp\cmTC_6e333.vcxproj" (default target) (1) ->
(ClCompile target) -> 
  C:\Users\h6gupta\Downloads\Nearest_Neighbours\Build\CMakeFiles\CMakeTmp\CheckSymbolExists.c(8): error C2065: 'setmod': undeclared identifier [C:\Users\h6gupta\Downloads\Nearest_Neighbours\Build\CMakeFiles\CMakeTmp\cmTC_6e333.vcxproj]

    0 Warning(s)
    1 Error(s)

Time Elapsed 00:00:00.31

File C:/Users/h6gupta/Downloads/Nearest_Neighbours/Build/CMakeFiles/CMakeTmp/CheckSymbolExists.c:
/* */
#include <io.h>

int main(int argc, char** argv)
{
  (void)argv;
#ifndef setmod
  return ((int*)(&setmod))[argc];
#else
  (void)argc;
  return 0;
#endif
}

